<?xml version="1.0" encoding="UTF-8"?>
<testng-results ignored="0" total="2" passed="2" failed="0" skipped="0">
  <reporter-output>
  </reporter-output>
  <suite started-at="2021-01-07T20:01:45Z" name="Default suite" finished-at="2021-01-07T20:02:20Z" duration-ms="34666">
    <groups>
      <group name="cucumber">
        <method signature="AbstractTestNGCucumberTests.runScenario(io.cucumber.testng.PickleWrapper, io.cucumber.testng.FeatureWrapper)[pri:0, instance:stepdefinations.background.TestRunner@43b9fd5]" name="runScenario" class="io.cucumber.testng.AbstractTestNGCucumberTests"/>
      </group> <!-- cucumber -->
    </groups>
    <test started-at="2021-01-07T20:01:45Z" name="Default test" finished-at="2021-01-07T20:02:20Z" duration-ms="34666">
      <class name="stepdefinations.background.TestRunner">
        <test-method is-config="true" signature="setUpClass()[pri:0, instance:stepdefinations.background.TestRunner@43b9fd5]" started-at="2021-01-07T20:01:45Z" name="setUpClass" finished-at="2021-01-07T20:01:45Z" duration-ms="551" status="PASS">
          <reporter-output>
          </reporter-output>
        </test-method> <!-- setUpClass -->
        <test-method signature="runScenario(io.cucumber.testng.PickleWrapper, io.cucumber.testng.FeatureWrapper)[pri:0, instance:stepdefinations.background.TestRunner@43b9fd5]" started-at="2021-01-07T20:01:45Z" name="runScenario" description="Runs Cucumber Scenarios" data-provider="scenarios" finished-at="2021-01-07T20:02:03Z" duration-ms="17504" status="PASS">
          <params>
            <param index="0">
              <value>
                <![CDATA["Test the redirected page when logged in"]]>
              </value>
            </param>
            <param index="1">
              <value>
                <![CDATA["Optional[Login functionality]"]]>
              </value>
            </param>
          </params>
          <reporter-output>
          </reporter-output>
        </test-method> <!-- runScenario -->
        <test-method signature="runScenario(io.cucumber.testng.PickleWrapper, io.cucumber.testng.FeatureWrapper)[pri:0, instance:stepdefinations.background.TestRunner@43b9fd5]" started-at="2021-01-07T20:02:03Z" name="runScenario" description="Runs Cucumber Scenarios" data-provider="scenarios" finished-at="2021-01-07T20:02:19Z" duration-ms="16394" status="PASS">
          <params>
            <param index="0">
              <value>
                <![CDATA["Test the logout button exist"]]>
              </value>
            </param>
            <param index="1">
              <value>
                <![CDATA["Optional[Login functionality]"]]>
              </value>
            </param>
          </params>
          <reporter-output>
          </reporter-output>
        </test-method> <!-- runScenario -->
        <test-method is-config="true" signature="tearDownClass()[pri:0, instance:stepdefinations.background.TestRunner@43b9fd5]" started-at="2021-01-07T20:02:19Z" name="tearDownClass" finished-at="2021-01-07T20:02:20Z" duration-ms="192" status="PASS">
          <reporter-output>
          </reporter-output>
        </test-method> <!-- tearDownClass -->
      </class> <!-- stepdefinations.background.TestRunner -->
    </test> <!-- Default test -->
  </suite> <!-- Default suite -->
</testng-results>
